[
  {
    "session_id": "90a830ba-5b2d-4084-b311-5ddd0cd07f5e",
    "transcript_path": "/home/andre/.claude/projects/-home-andre-batcave-proxyhub-rotor-pro/90a830ba-5b2d-4084-b311-5ddd0cd07f5e.jsonl",
    "cwd": "/home/andre/batcave/proxyhub-rotor-pro",
    "permission_mode": "bypassPermissions",
    "hook_event_name": "UserPromptSubmit",
    "prompt": "/prime "
  },
  {
    "session_id": "90a830ba-5b2d-4084-b311-5ddd0cd07f5e",
    "transcript_path": "/home/andre/.claude/projects/-home-andre-batcave-proxyhub-rotor-pro/90a830ba-5b2d-4084-b311-5ddd0cd07f5e.jsonl",
    "cwd": "/home/andre/batcave/proxyhub-rotor-pro",
    "permission_mode": "bypassPermissions",
    "hook_event_name": "UserPromptSubmit",
    "prompt": "fix the error in the api module we can see from the docker log : src/modules/webhook/webhook.controller.ts:12:150 - error TS1005: ',' expected.\n\n12   @ApiBody({ schema: { properties: { event: { type: 'string', enum: ['test', 'custom'] }, payload: { type: 'object', additionalProperties: true } } })\n                     "
  },
  {
    "session_id": "90a830ba-5b2d-4084-b311-5ddd0cd07f5e",
    "transcript_path": "/home/andre/.claude/projects/-home-andre-batcave-proxyhub-rotor-pro/90a830ba-5b2d-4084-b311-5ddd0cd07f5e.jsonl",
    "cwd": "/home/andre/batcave/proxyhub-rotor-pro",
    "permission_mode": "bypassPermissions",
    "hook_event_name": "UserPromptSubmit",
    "prompt": "fix the docker log errors in the api module"
  },
  {
    "session_id": "90a830ba-5b2d-4084-b311-5ddd0cd07f5e",
    "transcript_path": "/home/andre/.claude/projects/-home-andre-batcave-proxyhub-rotor-pro/90a830ba-5b2d-4084-b311-5ddd0cd07f5e.jsonl",
    "cwd": "/home/andre/batcave/proxyhub-rotor-pro",
    "permission_mode": "bypassPermissions",
    "hook_event_name": "UserPromptSubmit",
    "prompt": "fix the docker log errors in the api module"
  },
  {
    "session_id": "90a830ba-5b2d-4084-b311-5ddd0cd07f5e",
    "transcript_path": "/home/andre/.claude/projects/-home-andre-batcave-proxyhub-rotor-pro/90a830ba-5b2d-4084-b311-5ddd0cd07f5e.jsonl",
    "cwd": "/home/andre/batcave/proxyhub-rotor-pro",
    "permission_mode": "bypassPermissions",
    "hook_event_name": "UserPromptSubmit",
    "prompt": "rebuild this api module in development mode"
  },
  {
    "session_id": "90a830ba-5b2d-4084-b311-5ddd0cd07f5e",
    "transcript_path": "/home/andre/.claude/projects/-home-andre-batcave-proxyhub-rotor-pro/90a830ba-5b2d-4084-b311-5ddd0cd07f5e.jsonl",
    "cwd": "/home/andre/batcave/proxyhub-rotor-pro",
    "permission_mode": "bypassPermissions",
    "hook_event_name": "UserPromptSubmit",
    "prompt": "rebuild and restart the api module using the docker-compose.dev.yml"
  },
  {
    "session_id": "90a830ba-5b2d-4084-b311-5ddd0cd07f5e",
    "transcript_path": "/home/andre/.claude/projects/-home-andre-batcave-proxyhub-rotor-pro/90a830ba-5b2d-4084-b311-5ddd0cd07f5e.jsonl",
    "cwd": "/home/andre/batcave/proxyhub-rotor-pro",
    "permission_mode": "bypassPermissions",
    "hook_event_name": "UserPromptSubmit",
    "prompt": "continue fix the api module issues we get in the docker logs, and when we need to rebuild and restart it use the docker-compose.dev.yml"
  },
  {
    "session_id": "90a830ba-5b2d-4084-b311-5ddd0cd07f5e",
    "transcript_path": "/home/andre/.claude/projects/-home-andre-batcave-proxyhub-rotor-pro/90a830ba-5b2d-4084-b311-5ddd0cd07f5e.jsonl",
    "cwd": "/home/andre/batcave/proxyhub-rotor-pro",
    "permission_mode": "bypassPermissions",
    "hook_event_name": "UserPromptSubmit",
    "prompt": "verify for docker log errors and fix as needed."
  },
  {
    "session_id": "90a830ba-5b2d-4084-b311-5ddd0cd07f5e",
    "transcript_path": "/home/andre/.claude/projects/-home-andre-batcave-proxyhub-rotor-pro/90a830ba-5b2d-4084-b311-5ddd0cd07f5e.jsonl",
    "cwd": "/home/andre/batcave/proxyhub-rotor-pro",
    "permission_mode": "bypassPermissions",
    "hook_event_name": "UserPromptSubmit",
    "prompt": "rebuild and restart the api with docker-compose.dev.yml"
  },
  {
    "session_id": "90a830ba-5b2d-4084-b311-5ddd0cd07f5e",
    "transcript_path": "/home/andre/.claude/projects/-home-andre-batcave-proxyhub-rotor-pro/90a830ba-5b2d-4084-b311-5ddd0cd07f5e.jsonl",
    "cwd": "/home/andre/batcave/proxyhub-rotor-pro",
    "permission_mode": "bypassPermissions",
    "hook_event_name": "UserPromptSubmit",
    "prompt": "src/dto/provider.dto.ts:1:29 - error TS2307: Cannot find module '@nestjs/swagger' or its corresponding type declarations.\n\n1 import { ApiProperty } from '@nestjs/swagger';\n                              ~~~~~~~~~~~~~~~~~\n\nsrc/dto/provider.dto.ts:2:90 - error TS2307: Cannot find module 'class-validator' or its corresponding type declarations.\n\n2 import { IsString, IsEnum, IsObject, IsOptional, IsBoolean, IsUrl, ValidateNested } from 'class-validator';\n       "
  },
  {
    "session_id": "90a830ba-5b2d-4084-b311-5ddd0cd07f5e",
    "transcript_path": "/home/andre/.claude/projects/-home-andre-batcave-proxyhub-rotor-pro/90a830ba-5b2d-4084-b311-5ddd0cd07f5e.jsonl",
    "cwd": "/home/andre/batcave/proxyhub-rotor-pro",
    "permission_mode": "bypassPermissions",
    "hook_event_name": "UserPromptSubmit",
    "prompt": "still getting errors in the docker logs for the api module"
  },
  {
    "session_id": "90a830ba-5b2d-4084-b311-5ddd0cd07f5e",
    "transcript_path": "/home/andre/.claude/projects/-home-andre-batcave-proxyhub-rotor-pro/90a830ba-5b2d-4084-b311-5ddd0cd07f5e.jsonl",
    "cwd": "/home/andre/batcave/proxyhub-rotor-pro",
    "permission_mode": "bypassPermissions",
    "hook_event_name": "UserPromptSubmit",
    "prompt": "almost there, try again"
  },
  {
    "session_id": "90a830ba-5b2d-4084-b311-5ddd0cd07f5e",
    "transcript_path": "/home/andre/.claude/projects/-home-andre-batcave-proxyhub-rotor-pro/90a830ba-5b2d-4084-b311-5ddd0cd07f5e.jsonl",
    "cwd": "/home/andre/batcave/proxyhub-rotor-pro",
    "permission_mode": "bypassPermissions",
    "hook_event_name": "UserPromptSubmit",
    "prompt": "check the docker logs for the api module and fix it"
  },
  {
    "session_id": "90a830ba-5b2d-4084-b311-5ddd0cd07f5e",
    "transcript_path": "/home/andre/.claude/projects/-home-andre-batcave-proxyhub-rotor-pro/90a830ba-5b2d-4084-b311-5ddd0cd07f5e.jsonl",
    "cwd": "/home/andre/batcave/proxyhub-rotor-pro",
    "permission_mode": "bypassPermissions",
    "hook_event_name": "UserPromptSubmit",
    "prompt": "the @nestjs/swagger modules are found in the development docker-compose.dev.yml startup of the nestjs api."
  },
  {
    "session_id": "90a830ba-5b2d-4084-b311-5ddd0cd07f5e",
    "transcript_path": "/home/andre/.claude/projects/-home-andre-batcave-proxyhub-rotor-pro/90a830ba-5b2d-4084-b311-5ddd0cd07f5e.jsonl",
    "cwd": "/home/andre/batcave/proxyhub-rotor-pro",
    "permission_mode": "bypassPermissions",
    "hook_event_name": "UserPromptSubmit",
    "prompt": "[5:02:50 AM] Starting compilation in watch mode...\napi-1  | \napi-1  | src/dto/provider.dto.ts:1:29 - error TS2307: Cannot find module '@nestjs/swagger' or its corresponding type declarations.\napi-1  | \napi-1  | 1 import { ApiProperty } from '@nestjs/swagger';\napi-1  |                               ~~~~~~~~~~~~~~~~~\napi-1  | \napi-1  | src/dto/provider.dto.ts:2:90 - error TS2307: Cannot find module 'class-validator' or its corresponding type declarations.\napi-1  | \napi-1  | 2 import { IsString, IsEnum, IsObject, IsOptional, IsBoolean, IsUrl, ValidateNested } from 'class-validator';\napi-1  |                                                                                            ~~~~~~~~~~~~~~~~~\napi-1  | \napi-1  | src/dto/provider.dto.ts:3:22 - error TS2307: Cannot find module 'class-transformer' or its corresponding type declarations.\napi-1  | \napi-1  | 3 import { Type } from 'class-transformer';\napi-1  |                        ~~~~~~~~~~~~~~~~~~~\napi-1  | \napi-1  | src/dto/proxy.dto.ts:1:29 - error TS2307: Cannot find module '@nestjs/swagger' or its corresponding type declarations.\napi-1  | \napi-1  | 1 import { ApiProperty } from '@nestjs/swagger';\napi-1  |                               ~~~~~~~~~~~~~~~~~\napi-1  | \napi-1  | src/dto/proxy.dto.ts:2:85 - error TS2307: Cannot find module 'class-validator' or its corresponding type declarations.\napi-1  | \napi-1  | 2 import { IsString, IsOptional, IsNumber, IsArray, IsEnum, Min, Max, IsObject } from 'class-validator';\napi-1  |                                                                                       ~~~~~~~~~~~~~~~~~\napi-1  | \napi-1  | src/dto/proxy.dto.ts:3:22 - error TS2307: Cannot find module 'class-transformer' or its corresponding type declarations.\napi-1  | \napi-1  | 3 import { Type } from 'class-transformer';\napi-1  |                        ~~~~~~~~~~~~~~~~~~~\napi-1  | \napi-1  | src/main.ts:2:48 - error TS2307: Cannot find module '@nestjs/swagger' or its corresponding type declarations.\napi-1  | \napi-1  | 2 import { SwaggerModule, DocumentBuilder } from '@nestjs/swagger';\napi-1  |                                                  ~~~~~~~~~~~~~~~~~\napi-1  | \napi-1  | src/modules/proxies/proxies.controller.ts:4:96 - error TS2307: Cannot find module '@nestjs/swagger' or its corresponding type declarations.\napi-1  | \napi-1  | 4 import { ApiTags, ApiOperation, ApiQuery, ApiParam, ApiBody, ApiResponse, ApiBearerAuth } from '@nestjs/swagger';\napi-1  |                                                                                                  ~~~~~~~~~~~~~~~~~\napi-1  | \napi-1  | src/modules/usage/usage.controller.ts:3:52 - error TS2307: Cannot find module '@nestjs/swagger' or its corresponding type declarations.\napi-1  | \napi-1  | 3 import { ApiTags, ApiOperation, ApiResponse } from '@nestjs/swagger';\napi-1  |                                                      ~~~~~~~~~~~~~~~~~\napi-1  | \napi-1  | src/modules/webhook/webhook.controller.ts:2:76 - error TS2307: Cannot find module '@nestjs/swagger' or its corresponding type declarations.\napi-1  | \napi-1  | 2 import { ApiTags, ApiOperation, ApiBody, ApiResponse, ApiBearerAuth } from '@nestjs/swagger';\napi-1  |                                                                              ~~~~~~~~~~~~~~~~~\napi-1  | \napi-1  | [5:02:51 AM] Found 10 errors. Watching for file changes.\napi-1  | \napi-1  | node:internal/modules/cjs/loader:1210\napi-1  |   throw err;\napi-1  |   ^\napi-1  | \napi-1  | Error: Cannot find module '@nestjs/swagger'\napi-1  | Require stack:\napi-1  | - /app/api/dist/main.js\napi-1  |     at Module._resolveFilename (node:internal/modules/cjs/loader:1207:15)\napi-1  |     at Module._load (node:internal/modules/cjs/loader:1038:27)\napi-1  |     at Module.require (node:internal/modules/cjs/loader:1289:19)\napi-1  |     at require (node:internal/modules/helpers:182:18)\napi-1  |     at Object.<anonymous> (/app/api/src/main.ts:2:1)\napi-1  |     at Module._compile (node:internal/modules/cjs/loader:1521:14)\napi-1  |     at Module._extensions..js (node:internal/modules/cjs/loader:1623:10)\napi-1  |     at Module.load (node:internal/modules/cjs/loader:1266:32)\napi-1  |     at Module._load (node:internal/modules/cjs/loader:1091:12)\napi-1  |     at Function.executeUserEntryPoint [as runMain] (node:internal/modules/run_main:164:12) {\napi-1  |   code: 'MODULE_NOT_FOUND',\napi-1  |   requireStack: [ '/app/api/dist/main.js' ]\napi-1  | }\napi-1  | \napi-1  | Node.js v20.19.5\n"
  }
]